1651019571254	mozrunner::runner	INFO	Running command: "/Applications/Firefox.app/Contents/MacOS/firefox-bin" "-marionette" "-foreground" "-no-remote" "-profile" "/var/folders/xc/b0y5b7ks7892mv1j7fybdhzw0000gn/T/rust_mozprofile.bFbQa5OTHDlz"
1651019585105	addons.webextension.doh-rollout@mozilla.org	WARN	Loading extension 'doh-rollout@mozilla.org': Reading manifest: Invalid extension permission: networkStatus
1651019585727	addons.webextension.screenshots@mozilla.org	WARN	Loading extension 'screenshots@mozilla.org': Reading manifest: Invalid extension permission: mozillaAddons
1651019585727	addons.webextension.screenshots@mozilla.org	WARN	Loading extension 'screenshots@mozilla.org': Reading manifest: Invalid extension permission: telemetry
1651019585727	addons.webextension.screenshots@mozilla.org	WARN	Loading extension 'screenshots@mozilla.org': Reading manifest: Invalid extension permission: resource://pdf.js/
1651019585727	addons.webextension.screenshots@mozilla.org	WARN	Loading extension 'screenshots@mozilla.org': Reading manifest: Invalid extension permission: about:reader*
1651019591871	Marionette	INFO	Listening on port 55775
1651019594339	mozrunner::runner	INFO	Running command: "/Applications/Firefox.app/Contents/MacOS/firefox-bin" "-marionette" "-foreground" "-no-remote" "-profile" "/var/folders/xc/b0y5b7ks7892mv1j7fybdhzw0000gn/T/rust_mozprofile.mxo7QYWrjHq3"
1651019595382	addons.webextension.doh-rollout@mozilla.org	WARN	Loading extension 'doh-rollout@mozilla.org': Reading manifest: Invalid extension permission: networkStatus
1651019596027	addons.webextension.screenshots@mozilla.org	WARN	Loading extension 'screenshots@mozilla.org': Reading manifest: Invalid extension permission: mozillaAddons
1651019596027	addons.webextension.screenshots@mozilla.org	WARN	Loading extension 'screenshots@mozilla.org': Reading manifest: Invalid extension permission: telemetry
1651019596028	addons.webextension.screenshots@mozilla.org	WARN	Loading extension 'screenshots@mozilla.org': Reading manifest: Invalid extension permission: resource://pdf.js/
1651019596028	addons.webextension.screenshots@mozilla.org	WARN	Loading extension 'screenshots@mozilla.org': Reading manifest: Invalid extension permission: about:reader*
1651019600128	Marionette	INFO	Listening on port 55898
1651019600159	Marionette	WARN	TLS certificate errors will be ignored for this session
JavaScript warning: https://conversation.ultainc.com/ccp/webchat.js, line 1125: unreachable code after return statement
JavaScript warning: https://conversation.ultainc.com/ccp/webchat.js, line 1611: unreachable code after return statement
SourceActor threw an exception: [Exception... "Failed to open input source 'javascript:false'"  nsresult: "0x80040111 (NS_ERROR_NOT_AVAILABLE)"  location: "JS frame :: resource://devtools/shared/DevToolsUtils.js :: mainThreadFetch/< :: line 680"  data: yes]
Stack: mainThreadFetch/<@resource://devtools/shared/DevToolsUtils.js:680:15
mainThreadFetch@resource://devtools/shared/DevToolsUtils.js:530:10
_fetchURLContents@resource://devtools/server/actors/utils/TabSources.js:580:22
urlContents@resource://devtools/server/actors/utils/TabSources.js:547:17
_resurrectSource@resource://devtools/server/actors/thread.js:1954:69
addAllSources@resource://devtools/server/actors/thread.js:1338:14
onSources@resource://devtools/server/actors/thread.js:1344:10
onPacket@resource://devtools/server/devtools-server-connection.js:380:58
receiveMessage@resource://devtools/shared/transport/child-transport.js:66:16
Line: 680, column: 0
JavaScript error: resource://devtools/shared/DevToolsUtils.js, line 680: NS_ERROR_NOT_AVAILABLE: Failed to open input source 'javascript:false'
1651020182784	mozrunner::runner	INFO	Running command: "/Applications/Firefox.app/Contents/MacOS/firefox-bin" "-marionette" "-foreground" "-no-remote" "-profile" "/var/folders/xc/b0y5b7ks7892mv1j7fybdhzw0000gn/T/rust_mozprofile.NHNxw9VoTlf7"
1651020184488	addons.webextension.doh-rollout@mozilla.org	WARN	Loading extension 'doh-rollout@mozilla.org': Reading manifest: Invalid extension permission: networkStatus
1651020185125	addons.webextension.screenshots@mozilla.org	WARN	Loading extension 'screenshots@mozilla.org': Reading manifest: Invalid extension permission: mozillaAddons
1651020185126	addons.webextension.screenshots@mozilla.org	WARN	Loading extension 'screenshots@mozilla.org': Reading manifest: Invalid extension permission: telemetry
1651020185126	addons.webextension.screenshots@mozilla.org	WARN	Loading extension 'screenshots@mozilla.org': Reading manifest: Invalid extension permission: resource://pdf.js/
1651020185126	addons.webextension.screenshots@mozilla.org	WARN	Loading extension 'screenshots@mozilla.org': Reading manifest: Invalid extension permission: about:reader*
1651020189732	Marionette	INFO	Listening on port 56626
1651020189787	Marionette	WARN	TLS certificate errors will be ignored for this session
JavaScript warning: https://conversation.ultainc.com/ccp/webchat.js, line 1125: unreachable code after return statement
JavaScript warning: https://conversation.ultainc.com/ccp/webchat.js, line 1611: unreachable code after return statement
JavaScript warning: https://conversation.ultainc.com/ccp/webchat.js, line 1125: unreachable code after return statement
JavaScript error: https://js.afterpay.com/afterpay-1.x.js?_=1651020193112, line 2: Error: Afterpay.js was not loaded
JavaScript error: https://static.goqubit.com/smartserve-4538.js, line 10: TypeError: document.querySelector(...).shadowRoot.querySelector(...) is null
JavaScript error: https://static.goqubit.com/smartserve-4538.js, line 10: TypeError: document.querySelector(...).shadowRoot.querySelector(...) is null
JavaScript error: https://static.goqubit.com/smartserve-4538.js, line 10: TypeError: document.querySelector(...).shadowRoot.querySelector(...) is null
JavaScript error: https://static.goqubit.com/smartserve-4538.js, line 10: TypeError: document.querySelector(...).shadowRoot.querySelector(...) is null
JavaScript error: https://static.goqubit.com/smartserve-4538.js, line 10: TypeError: document.querySelector(...).shadowRoot.querySelector(...) is null
JavaScript error: https://static.goqubit.com/smartserve-4538.js, line 10: TypeError: document.querySelector(...).shadowRoot.querySelector(...) is null
JavaScript error: https://static.goqubit.com/smartserve-4538.js, line 10: TypeError: document.querySelector(...).shadowRoot.querySelector(...) is null
JavaScript error: https://static.goqubit.com/smartserve-4538.js, line 10: TypeError: document.querySelector(...).shadowRoot.querySelector(...) is null
JavaScript error: https://static.goqubit.com/smartserve-4538.js, line 10: TypeError: document.querySelector(...).shadowRoot.querySelector(...) is null
JavaScript error: https://static.goqubit.com/smartserve-4538.js, line 10: TypeError: document.querySelector(...).shadowRoot.querySelector(...) is null
JavaScript error: https://static.goqubit.com/smartserve-4538.js, line 10: TypeError: document.querySelector(...).shadowRoot.querySelector(...) is null
JavaScript error: https://static.goqubit.com/smartserve-4538.js, line 10: TypeError: document.querySelector(...).shadowRoot.querySelector(...) is null
JavaScript error: https://static.goqubit.com/smartserve-4538.js, line 10: TypeError: document.querySelector(...).shadowRoot.querySelector(...) is null
JavaScript error: https://static.goqubit.com/smartserve-4538.js, line 10: TypeError: document.querySelector(...).shadowRoot.querySelector(...) is null
JavaScript error: https://static.goqubit.com/smartserve-4538.js, line 10: TypeError: document.querySelector(...).shadowRoot.querySelector(...) is null
JavaScript error: https://static.goqubit.com/smartserve-4538.js, line 10: TypeError: document.querySelector(...).shadowRoot.querySelector(...) is null
JavaScript error: https://static.goqubit.com/smartserve-4538.js, line 10: TypeError: document.querySelector(...).shadowRoot.querySelector(...) is null
JavaScript error: https://static.goqubit.com/smartserve-4538.js, line 10: TypeError: document.querySelector(...).shadowRoot.querySelector(...) is null
JavaScript error: https://static.goqubit.com/smartserve-4538.js, line 10: TypeError: document.querySelector(...).shadowRoot.querySelector(...) is null
JavaScript error: https://static.goqubit.com/smartserve-4538.js, line 10: TypeError: document.querySelector(...).shadowRoot.querySelector(...) is null
JavaScript error: https://static.goqubit.com/smartserve-4538.js, line 10: TypeError: document.querySelector(...).shadowRoot.querySelector(...) is null
JavaScript error: https://static.goqubit.com/smartserve-4538.js, line 10: TypeError: document.querySelector(...).shadowRoot.querySelector(...) is null
JavaScript error: https://static.goqubit.com/smartserve-4538.js, line 10: TypeError: document.querySelector(...).shadowRoot.querySelector(...) is null
JavaScript error: https://static.goqubit.com/smartserve-4538.js, line 10: TypeError: document.querySelector(...).shadowRoot.querySelector(...) is null
JavaScript error: https://static.goqubit.com/smartserve-4538.js, line 10: TypeError: document.querySelector(...).shadowRoot.querySelector(...) is null
JavaScript error: https://static.goqubit.com/smartserve-4538.js, line 10: TypeError: document.querySelector(...).shadowRoot.querySelector(...) is null
JavaScript error: https://static.goqubit.com/smartserve-4538.js, line 10: TypeError: document.querySelector(...).shadowRoot.querySelector(...) is null
JavaScript error: https://static.goqubit.com/smartserve-4538.js, line 10: TypeError: document.querySelector(...).shadowRoot.querySelector(...) is null
JavaScript error: https://static.goqubit.com/smartserve-4538.js, line 10: TypeError: document.querySelector(...).shadowRoot.querySelector(...) is null
JavaScript error: https://static.goqubit.com/smartserve-4538.js, line 10: TypeError: document.querySelector(...).shadowRoot.querySelector(...) is null
JavaScript error: https://static.goqubit.com/smartserve-4538.js, line 10: TypeError: document.querySelector(...).shadowRoot.querySelector(...) is null
JavaScript error: https://static.goqubit.com/smartserve-4538.js, line 10: TypeError: document.querySelector(...).shadowRoot.querySelector(...) is null
JavaScript error: https://static.goqubit.com/smartserve-4538.js, line 10: TypeError: document.querySelector(...).shadowRoot.querySelector(...) is null
JavaScript error: https://static.goqubit.com/smartserve-4538.js, line 10: TypeError: document.querySelector(...).shadowRoot.querySelector(...) is null
JavaScript error: https://static.goqubit.com/smartserve-4538.js, line 10: TypeError: document.querySelector(...).shadowRoot.querySelector(...) is null
JavaScript error: https://static.goqubit.com/smartserve-4538.js, line 10: TypeError: document.querySelector(...).shadowRoot.querySelector(...) is null
JavaScript error: https://static.goqubit.com/smartserve-4538.js, line 10: TypeError: document.querySelector(...).shadowRoot.querySelector(...) is null
JavaScript error: https://static.goqubit.com/smartserve-4538.js, line 10: TypeError: document.querySelector(...).shadowRoot.querySelector(...) is null
JavaScript error: https://static.goqubit.com/smartserve-4538.js, line 10: TypeError: document.querySelector(...).shadowRoot.querySelector(...) is null
JavaScript error: https://static.goqubit.com/smartserve-4538.js, line 10: TypeError: document.querySelector(...).shadowRoot.querySelector(...) is null
JavaScript error: https://static.goqubit.com/smartserve-4538.js, line 10: TypeError: document.querySelector(...).shadowRoot.querySelector(...) is null
JavaScript error: https://static.goqubit.com/smartserve-4538.js, line 10: TypeError: document.querySelector(...).shadowRoot.querySelector(...) is null
JavaScript error: https://static.goqubit.com/smartserve-4538.js, line 10: TypeError: document.querySelector(...).shadowRoot.querySelector(...) is null
JavaScript error: https://static.goqubit.com/smartserve-4538.js, line 10: TypeError: document.querySelector(...).shadowRoot.querySelector(...) is null
JavaScript error: https://static.goqubit.com/smartserve-4538.js, line 10: TypeError: document.querySelector(...).shadowRoot.querySelector(...) is null
JavaScript error: https://static.goqubit.com/smartserve-4538.js, line 10: TypeError: document.querySelector(...).shadowRoot.querySelector(...) is null
JavaScript error: https://static.goqubit.com/smartserve-4538.js, line 10: TypeError: document.querySelector(...).shadowRoot.querySelector(...) is null
JavaScript error: https://static.goqubit.com/smartserve-4538.js, line 10: TypeError: document.querySelector(...).shadowRoot.querySelector(...) is null
JavaScript error: https://static.goqubit.com/smartserve-4538.js, line 10: TypeError: document.querySelector(...).shadowRoot.querySelector(...) is null
JavaScript error: https://static.goqubit.com/smartserve-4538.js, line 10: TypeError: document.querySelector(...).shadowRoot.querySelector(...) is null
JavaScript error: https://static.goqubit.com/smartserve-4538.js, line 10: TypeError: document.querySelector(...).shadowRoot.querySelector(...) is null
JavaScript error: https://static.goqubit.com/smartserve-4538.js, line 10: TypeError: document.querySelector(...).shadowRoot.querySelector(...) is null
JavaScript error: https://static.goqubit.com/smartserve-4538.js, line 10: TypeError: document.querySelector(...).shadowRoot.querySelector(...) is null
JavaScript error: https://static.goqubit.com/smartserve-4538.js, line 10: TypeError: document.querySelector(...).shadowRoot.querySelector(...) is null
JavaScript error: https://static.goqubit.com/smartserve-4538.js, line 10: TypeError: document.querySelector(...).shadowRoot.querySelector(...) is null
JavaScript error: https://static.goqubit.com/smartserve-4538.js, line 10: TypeError: document.querySelector(...).shadowRoot.querySelector(...) is null
JavaScript error: https://static.goqubit.com/smartserve-4538.js, line 10: TypeError: document.querySelector(...).shadowRoot.querySelector(...) is null
JavaScript error: https://static.goqubit.com/smartserve-4538.js, line 10: TypeError: document.querySelector(...).shadowRoot.querySelector(...) is null
JavaScript error: https://static.goqubit.com/smartserve-4538.js, line 10: TypeError: document.querySelector(...).shadowRoot.querySelector(...) is null
JavaScript error: https://static.goqubit.com/smartserve-4538.js, line 10: TypeError: document.querySelector(...).shadowRoot.querySelector(...) is null
JavaScript error: https://static.goqubit.com/smartserve-4538.js, line 10: TypeError: document.querySelector(...).shadowRoot.querySelector(...) is null
JavaScript error: https://static.goqubit.com/smartserve-4538.js, line 10: TypeError: document.querySelector(...).shadowRoot.querySelector(...) is null
JavaScript error: https://static.goqubit.com/smartserve-4538.js, line 10: TypeError: document.querySelector(...).shadowRoot.querySelector(...) is null
JavaScript error: https://static.goqubit.com/smartserve-4538.js, line 10: TypeError: document.querySelector(...).shadowRoot.querySelector(...) is null
JavaScript error: https://static.goqubit.com/smartserve-4538.js, line 10: TypeError: document.querySelector(...).shadowRoot.querySelector(...) is null
JavaScript error: https://static.goqubit.com/smartserve-4538.js, line 10: TypeError: document.querySelector(...).shadowRoot.querySelector(...) is null
JavaScript error: https://static.goqubit.com/smartserve-4538.js, line 10: TypeError: document.querySelector(...).shadowRoot.querySelector(...) is null
JavaScript error: https://static.goqubit.com/smartserve-4538.js, line 10: TypeError: document.querySelector(...).shadowRoot.querySelector(...) is null
JavaScript error: https://static.goqubit.com/smartserve-4538.js, line 10: TypeError: document.querySelector(...).shadowRoot.querySelector(...) is null
JavaScript error: https://static.goqubit.com/smartserve-4538.js, line 10: TypeError: document.querySelector(...).shadowRoot.querySelector(...) is null
JavaScript error: https://static.goqubit.com/smartserve-4538.js, line 10: TypeError: document.querySelector(...).shadowRoot.querySelector(...) is null
JavaScript error: https://static.goqubit.com/smartserve-4538.js, line 10: TypeError: document.querySelector(...).shadowRoot.querySelector(...) is null
JavaScript error: https://static.goqubit.com/smartserve-4538.js, line 10: TypeError: document.querySelector(...).shadowRoot.querySelector(...) is null
JavaScript error: https://static.goqubit.com/smartserve-4538.js, line 10: TypeError: document.querySelector(...).shadowRoot.querySelector(...) is null
JavaScript error: https://static.goqubit.com/smartserve-4538.js, line 10: TypeError: document.querySelector(...).shadowRoot.querySelector(...) is null
JavaScript error: https://static.goqubit.com/smartserve-4538.js, line 10: TypeError: document.querySelector(...).shadowRoot.querySelector(...) is null
JavaScript error: https://static.goqubit.com/smartserve-4538.js, line 10: TypeError: document.querySelector(...).shadowRoot.querySelector(...) is null
JavaScript error: https://static.goqubit.com/smartserve-4538.js, line 10: TypeError: document.querySelector(...).shadowRoot.querySelector(...) is null
JavaScript error: https://static.goqubit.com/smartserve-4538.js, line 10: TypeError: document.querySelector(...).shadowRoot.querySelector(...) is null
JavaScript error: https://static.goqubit.com/smartserve-4538.js, line 10: TypeError: document.querySelector(...).shadowRoot.querySelector(...) is null
JavaScript error: https://static.goqubit.com/smartserve-4538.js, line 10: TypeError: document.querySelector(...).shadowRoot.querySelector(...) is null
JavaScript error: https://static.goqubit.com/smartserve-4538.js, line 10: TypeError: document.querySelector(...).shadowRoot.querySelector(...) is null
JavaScript error: https://static.goqubit.com/smartserve-4538.js, line 10: TypeError: document.querySelector(...).shadowRoot.querySelector(...) is null
JavaScript error: https://static.goqubit.com/smartserve-4538.js, line 10: TypeError: document.querySelector(...).shadowRoot.querySelector(...) is null
JavaScript error: https://static.goqubit.com/smartserve-4538.js, line 10: TypeError: document.querySelector(...).shadowRoot.querySelector(...) is null
JavaScript error: https://static.goqubit.com/smartserve-4538.js, line 10: TypeError: document.querySelector(...).shadowRoot.querySelector(...) is null
JavaScript error: https://static.goqubit.com/smartserve-4538.js, line 10: TypeError: document.querySelector(...).shadowRoot.querySelector(...) is null
JavaScript error: https://static.goqubit.com/smartserve-4538.js, line 10: TypeError: document.querySelector(...).shadowRoot.querySelector(...) is null
JavaScript error: https://static.goqubit.com/smartserve-4538.js, line 10: TypeError: document.querySelector(...).shadowRoot.querySelector(...) is null
JavaScript error: https://static.goqubit.com/smartserve-4538.js, line 10: TypeError: document.querySelector(...).shadowRoot.querySelector(...) is null
JavaScript error: https://static.goqubit.com/smartserve-4538.js, line 10: TypeError: document.querySelector(...).shadowRoot.querySelector(...) is null
JavaScript error: https://static.goqubit.com/smartserve-4538.js, line 10: TypeError: document.querySelector(...).shadowRoot.querySelector(...) is null
JavaScript error: https://static.goqubit.com/smartserve-4538.js, line 10: TypeError: document.querySelector(...).shadowRoot.querySelector(...) is null
JavaScript error: https://static.goqubit.com/smartserve-4538.js, line 10: TypeError: document.querySelector(...).shadowRoot.querySelector(...) is null
JavaScript error: https://static.goqubit.com/smartserve-4538.js, line 10: TypeError: document.querySelector(...).shadowRoot.querySelector(...) is null
JavaScript error: https://static.goqubit.com/smartserve-4538.js, line 10: TypeError: document.querySelector(...).shadowRoot.querySelector(...) is null
JavaScript error: https://static.goqubit.com/smartserve-4538.js, line 10: TypeError: document.querySelector(...).shadowRoot.querySelector(...) is null
JavaScript error: https://static.goqubit.com/smartserve-4538.js, line 10: TypeError: document.querySelector(...).shadowRoot.querySelector(...) is null
JavaScript error: https://static.goqubit.com/smartserve-4538.js, line 10: TypeError: document.querySelector(...).shadowRoot.querySelector(...) is null
JavaScript error: https://static.goqubit.com/smartserve-4538.js, line 10: TypeError: document.querySelector(...).shadowRoot.querySelector(...) is null
JavaScript error: https://static.goqubit.com/smartserve-4538.js, line 10: TypeError: document.querySelector(...).shadowRoot.querySelector(...) is null
JavaScript error: https://static.goqubit.com/smartserve-4538.js, line 10: TypeError: document.querySelector(...).shadowRoot.querySelector(...) is null
JavaScript error: https://static.goqubit.com/smartserve-4538.js, line 10: TypeError: document.querySelector(...).shadowRoot.querySelector(...) is null
JavaScript error: https://static.goqubit.com/smartserve-4538.js, line 10: TypeError: document.querySelector(...).shadowRoot.querySelector(...) is null
JavaScript error: https://static.goqubit.com/smartserve-4538.js, line 10: TypeError: document.querySelector(...).shadowRoot.querySelector(...) is null
JavaScript error: https://static.goqubit.com/smartserve-4538.js, line 10: TypeError: document.querySelector(...).shadowRoot.querySelector(...) is null
JavaScript error: https://static.goqubit.com/smartserve-4538.js, line 10: TypeError: document.querySelector(...).shadowRoot.querySelector(...) is null
JavaScript error: https://static.goqubit.com/smartserve-4538.js, line 10: TypeError: document.querySelector(...).shadowRoot.querySelector(...) is null
JavaScript error: https://static.goqubit.com/smartserve-4538.js, line 10: TypeError: document.querySelector(...).shadowRoot.querySelector(...) is null
JavaScript error: https://static.goqubit.com/smartserve-4538.js, line 10: TypeError: document.querySelector(...).shadowRoot.querySelector(...) is null
JavaScript error: https://static.goqubit.com/smartserve-4538.js, line 10: TypeError: document.querySelector(...).shadowRoot.querySelector(...) is null
JavaScript error: https://static.goqubit.com/smartserve-4538.js, line 10: TypeError: document.querySelector(...).shadowRoot.querySelector(...) is null
JavaScript error: https://static.goqubit.com/smartserve-4538.js, line 10: TypeError: document.querySelector(...).shadowRoot.querySelector(...) is null
JavaScript error: https://static.goqubit.com/smartserve-4538.js, line 10: TypeError: document.querySelector(...).shadowRoot.querySelector(...) is null
JavaScript error: https://static.goqubit.com/smartserve-4538.js, line 10: TypeError: document.querySelector(...).shadowRoot.querySelector(...) is null
JavaScript error: https://static.goqubit.com/smartserve-4538.js, line 10: TypeError: document.querySelector(...).shadowRoot.querySelector(...) is null
JavaScript error: https://static.goqubit.com/smartserve-4538.js, line 10: TypeError: document.querySelector(...).shadowRoot.querySelector(...) is null
JavaScript error: https://static.goqubit.com/smartserve-4538.js, line 10: TypeError: document.querySelector(...).shadowRoot.querySelector(...) is null
JavaScript error: https://static.goqubit.com/smartserve-4538.js, line 10: TypeError: document.querySelector(...).shadowRoot.querySelector(...) is null
JavaScript error: https://static.goqubit.com/smartserve-4538.js, line 10: TypeError: document.querySelector(...).shadowRoot.querySelector(...) is null
JavaScript error: https://static.goqubit.com/smartserve-4538.js, line 10: TypeError: document.querySelector(...).shadowRoot.querySelector(...) is null
JavaScript error: https://static.goqubit.com/smartserve-4538.js, line 10: TypeError: document.querySelector(...).shadowRoot.querySelector(...) is null
JavaScript error: https://static.goqubit.com/smartserve-4538.js, line 10: TypeError: document.querySelector(...).shadowRoot.querySelector(...) is null
JavaScript error: https://static.goqubit.com/smartserve-4538.js, line 10: TypeError: document.querySelector(...).shadowRoot.querySelector(...) is null
JavaScript error: https://static.goqubit.com/smartserve-4538.js, line 10: TypeError: document.querySelector(...).shadowRoot.querySelector(...) is null
JavaScript error: https://static.goqubit.com/smartserve-4538.js, line 10: TypeError: document.querySelector(...).shadowRoot.querySelector(...) is null
JavaScript error: https://static.goqubit.com/smartserve-4538.js, line 10: TypeError: document.querySelector(...).shadowRoot.querySelector(...) is null
JavaScript error: https://static.goqubit.com/smartserve-4538.js, line 10: TypeError: document.querySelector(...).shadowRoot.querySelector(...) is null
JavaScript error: https://static.goqubit.com/smartserve-4538.js, line 10: TypeError: document.querySelector(...).shadowRoot.querySelector(...) is null
JavaScript error: https://static.goqubit.com/smartserve-4538.js, line 10: TypeError: document.querySelector(...).shadowRoot.querySelector(...) is null
JavaScript error: https://static.goqubit.com/smartserve-4538.js, line 10: TypeError: document.querySelector(...).shadowRoot.querySelector(...) is null
JavaScript error: https://static.goqubit.com/smartserve-4538.js, line 10: TypeError: document.querySelector(...).shadowRoot.querySelector(...) is null
JavaScript error: https://static.goqubit.com/smartserve-4538.js, line 10: TypeError: document.querySelector(...).shadowRoot.querySelector(...) is null
JavaScript error: https://static.goqubit.com/smartserve-4538.js, line 10: TypeError: document.querySelector(...).shadowRoot.querySelector(...) is null
JavaScript error: https://static.goqubit.com/smartserve-4538.js, line 10: TypeError: document.querySelector(...).shadowRoot.querySelector(...) is null
JavaScript error: https://static.goqubit.com/smartserve-4538.js, line 10: TypeError: document.querySelector(...).shadowRoot.querySelector(...) is null
JavaScript error: https://static.goqubit.com/smartserve-4538.js, line 10: TypeError: document.querySelector(...).shadowRoot.querySelector(...) is null
JavaScript error: https://static.goqubit.com/smartserve-4538.js, line 10: TypeError: document.querySelector(...).shadowRoot.querySelector(...) is null
JavaScript error: https://static.goqubit.com/smartserve-4538.js, line 10: TypeError: document.querySelector(...).shadowRoot.querySelector(...) is null
1651020250609	Marionette	INFO	Stopped listening on port 55775
1651020252707	Marionette	INFO	Stopped listening on port 55898
1651020256162	Marionette	INFO	Stopped listening on port 56626
1651020370079	mozrunner::runner	INFO	Running command: "/Applications/Firefox.app/Contents/MacOS/firefox-bin" "-marionette" "-foreground" "-no-remote" "-profile" "/var/folders/xc/b0y5b7ks7892mv1j7fybdhzw0000gn/T/rust_mozprofile.J1iQZIRANOyc"
1651020370806	addons.webextension.doh-rollout@mozilla.org	WARN	Loading extension 'doh-rollout@mozilla.org': Reading manifest: Invalid extension permission: networkStatus
1651020371273	addons.webextension.screenshots@mozilla.org	WARN	Loading extension 'screenshots@mozilla.org': Reading manifest: Invalid extension permission: mozillaAddons
1651020371273	addons.webextension.screenshots@mozilla.org	WARN	Loading extension 'screenshots@mozilla.org': Reading manifest: Invalid extension permission: telemetry
1651020371273	addons.webextension.screenshots@mozilla.org	WARN	Loading extension 'screenshots@mozilla.org': Reading manifest: Invalid extension permission: resource://pdf.js/
1651020371273	addons.webextension.screenshots@mozilla.org	WARN	Loading extension 'screenshots@mozilla.org': Reading manifest: Invalid extension permission: about:reader*
1651020374198	Marionette	INFO	Listening on port 57187
1651020374282	Marionette	WARN	TLS certificate errors will be ignored for this session
1651020417484	mozrunner::runner	INFO	Running command: "/Applications/Firefox.app/Contents/MacOS/firefox-bin" "-marionette" "-foreground" "-no-remote" "-profile" "/var/folders/xc/b0y5b7ks7892mv1j7fybdhzw0000gn/T/rust_mozprofile.paxre1br4SUU"
1651020418398	addons.webextension.doh-rollout@mozilla.org	WARN	Loading extension 'doh-rollout@mozilla.org': Reading manifest: Invalid extension permission: networkStatus
1651020418860	addons.webextension.screenshots@mozilla.org	WARN	Loading extension 'screenshots@mozilla.org': Reading manifest: Invalid extension permission: mozillaAddons
1651020418860	addons.webextension.screenshots@mozilla.org	WARN	Loading extension 'screenshots@mozilla.org': Reading manifest: Invalid extension permission: telemetry
1651020418860	addons.webextension.screenshots@mozilla.org	WARN	Loading extension 'screenshots@mozilla.org': Reading manifest: Invalid extension permission: resource://pdf.js/
1651020418860	addons.webextension.screenshots@mozilla.org	WARN	Loading extension 'screenshots@mozilla.org': Reading manifest: Invalid extension permission: about:reader*
1651020421899	Marionette	INFO	Listening on port 57294
1651020421913	Marionette	WARN	TLS certificate errors will be ignored for this session
JavaScript warning: https://conversation.ultainc.com/ccp/webchat.js, line 1125: unreachable code after return statement
JavaScript warning: https://conversation.ultainc.com/ccp/webchat.js, line 1611: unreachable code after return statement
1651020479100	mozrunner::runner	INFO	Running command: "/Applications/Firefox.app/Contents/MacOS/firefox-bin" "-marionette" "-foreground" "-no-remote" "-profile" "/var/folders/xc/b0y5b7ks7892mv1j7fybdhzw0000gn/T/rust_mozprofile.6eh7Dq2IBrys"
1651020480047	addons.webextension.doh-rollout@mozilla.org	WARN	Loading extension 'doh-rollout@mozilla.org': Reading manifest: Invalid extension permission: networkStatus
1651020480514	addons.webextension.screenshots@mozilla.org	WARN	Loading extension 'screenshots@mozilla.org': Reading manifest: Invalid extension permission: mozillaAddons
1651020480514	addons.webextension.screenshots@mozilla.org	WARN	Loading extension 'screenshots@mozilla.org': Reading manifest: Invalid extension permission: telemetry
1651020480514	addons.webextension.screenshots@mozilla.org	WARN	Loading extension 'screenshots@mozilla.org': Reading manifest: Invalid extension permission: resource://pdf.js/
1651020480515	addons.webextension.screenshots@mozilla.org	WARN	Loading extension 'screenshots@mozilla.org': Reading manifest: Invalid extension permission: about:reader*
1651020483271	Marionette	INFO	Listening on port 57772
1651020483311	Marionette	WARN	TLS certificate errors will be ignored for this session
1651020556284	mozrunner::runner	INFO	Running command: "/Applications/Firefox.app/Contents/MacOS/firefox-bin" "-marionette" "-foreground" "-no-remote" "-profile" "/var/folders/xc/b0y5b7ks7892mv1j7fybdhzw0000gn/T/rust_mozprofile.8pWpUr9gj9A0"
1651020557499	addons.webextension.doh-rollout@mozilla.org	WARN	Loading extension 'doh-rollout@mozilla.org': Reading manifest: Invalid extension permission: networkStatus
1651020557886	addons.webextension.screenshots@mozilla.org	WARN	Loading extension 'screenshots@mozilla.org': Reading manifest: Invalid extension permission: mozillaAddons
1651020557886	addons.webextension.screenshots@mozilla.org	WARN	Loading extension 'screenshots@mozilla.org': Reading manifest: Invalid extension permission: telemetry
1651020557886	addons.webextension.screenshots@mozilla.org	WARN	Loading extension 'screenshots@mozilla.org': Reading manifest: Invalid extension permission: resource://pdf.js/
1651020557886	addons.webextension.screenshots@mozilla.org	WARN	Loading extension 'screenshots@mozilla.org': Reading manifest: Invalid extension permission: about:reader*
1651020560847	Marionette	INFO	Listening on port 57887
1651020560921	Marionette	WARN	TLS certificate errors will be ignored for this session
JavaScript warning: https://conversation.ultainc.com/ccp/webchat.js, line 1125: unreachable code after return statement
JavaScript warning: https://conversation.ultainc.com/ccp/webchat.js, line 1611: unreachable code after return statement
JavaScript error: https://js.afterpay.com/afterpay-1.x.js?_=1651020564270, line 2: Error: Afterpay.js was not loaded
JavaScript error: https://static.goqubit.com/smartserve-4538.js, line 10: TypeError: document.querySelector(...).shadowRoot.querySelector(...) is null
JavaScript error: https://static.goqubit.com/smartserve-4538.js, line 10: TypeError: document.querySelector(...).shadowRoot.querySelector(...) is null
JavaScript error: https://static.goqubit.com/smartserve-4538.js, line 10: TypeError: document.querySelector(...).shadowRoot.querySelector(...) is null
JavaScript error: https://static.goqubit.com/smartserve-4538.js, line 10: TypeError: document.querySelector(...).shadowRoot.querySelector(...) is null
JavaScript error: https://static.goqubit.com/smartserve-4538.js, line 10: TypeError: document.querySelector(...).shadowRoot.querySelector(...) is null
JavaScript error: https://static.goqubit.com/smartserve-4538.js, line 10: TypeError: document.querySelector(...).shadowRoot.querySelector(...) is null
JavaScript error: https://static.goqubit.com/smartserve-4538.js, line 10: TypeError: document.querySelector(...).shadowRoot.querySelector(...) is null
JavaScript error: https://static.goqubit.com/smartserve-4538.js, line 10: TypeError: document.querySelector(...).shadowRoot.querySelector(...) is null
JavaScript error: https://static.goqubit.com/smartserve-4538.js, line 10: TypeError: document.querySelector(...).shadowRoot.querySelector(...) is null
JavaScript error: https://static.goqubit.com/smartserve-4538.js, line 10: TypeError: document.querySelector(...).shadowRoot.querySelector(...) is null
JavaScript error: https://static.goqubit.com/smartserve-4538.js, line 10: TypeError: document.querySelector(...).shadowRoot.querySelector(...) is null
JavaScript error: https://static.goqubit.com/smartserve-4538.js, line 10: TypeError: document.querySelector(...).shadowRoot.querySelector(...) is null
JavaScript error: https://static.goqubit.com/smartserve-4538.js, line 10: TypeError: document.querySelector(...).shadowRoot.querySelector(...) is null
JavaScript error: https://static.goqubit.com/smartserve-4538.js, line 10: TypeError: document.querySelector(...).shadowRoot.querySelector(...) is null
JavaScript error: https://static.goqubit.com/smartserve-4538.js, line 10: TypeError: document.querySelector(...).shadowRoot.querySelector(...) is null
JavaScript error: https://static.goqubit.com/smartserve-4538.js, line 10: TypeError: document.querySelector(...).shadowRoot.querySelector(...) is null
JavaScript error: https://static.goqubit.com/smartserve-4538.js, line 10: TypeError: document.querySelector(...).shadowRoot.querySelector(...) is null
JavaScript error: https://static.goqubit.com/smartserve-4538.js, line 10: TypeError: document.querySelector(...).shadowRoot.querySelector(...) is null
JavaScript error: https://static.goqubit.com/smartserve-4538.js, line 10: TypeError: document.querySelector(...).shadowRoot.querySelector(...) is null
JavaScript error: https://static.goqubit.com/smartserve-4538.js, line 10: TypeError: document.querySelector(...).shadowRoot.querySelector(...) is null
JavaScript error: https://static.goqubit.com/smartserve-4538.js, line 10: TypeError: document.querySelector(...).shadowRoot.querySelector(...) is null
JavaScript error: https://static.goqubit.com/smartserve-4538.js, line 10: TypeError: document.querySelector(...).shadowRoot.querySelector(...) is null
JavaScript error: https://static.goqubit.com/smartserve-4538.js, line 10: TypeError: document.querySelector(...).shadowRoot.querySelector(...) is null
JavaScript error: https://static.goqubit.com/smartserve-4538.js, line 10: TypeError: document.querySelector(...).shadowRoot.querySelector(...) is null
JavaScript error: https://static.goqubit.com/smartserve-4538.js, line 10: TypeError: document.querySelector(...).shadowRoot.querySelector(...) is null
JavaScript error: https://static.goqubit.com/smartserve-4538.js, line 10: TypeError: document.querySelector(...).shadowRoot.querySelector(...) is null
JavaScript error: https://static.goqubit.com/smartserve-4538.js, line 10: TypeError: document.querySelector(...).shadowRoot.querySelector(...) is null
JavaScript error: https://static.goqubit.com/smartserve-4538.js, line 10: TypeError: document.querySelector(...).shadowRoot.querySelector(...) is null
JavaScript error: https://static.goqubit.com/smartserve-4538.js, line 10: TypeError: document.querySelector(...).shadowRoot.querySelector(...) is null
JavaScript error: https://static.goqubit.com/smartserve-4538.js, line 10: TypeError: document.querySelector(...).shadowRoot.querySelector(...) is null
JavaScript error: https://static.goqubit.com/smartserve-4538.js, line 10: TypeError: document.querySelector(...).shadowRoot.querySelector(...) is null
JavaScript error: https://static.goqubit.com/smartserve-4538.js, line 10: TypeError: document.querySelector(...).shadowRoot.querySelector(...) is null
JavaScript error: https://static.goqubit.com/smartserve-4538.js, line 10: TypeError: document.querySelector(...).shadowRoot.querySelector(...) is null
JavaScript error: https://static.goqubit.com/smartserve-4538.js, line 10: TypeError: document.querySelector(...).shadowRoot.querySelector(...) is null
JavaScript error: https://static.goqubit.com/smartserve-4538.js, line 10: TypeError: document.querySelector(...).shadowRoot.querySelector(...) is null
JavaScript error: https://static.goqubit.com/smartserve-4538.js, line 10: TypeError: document.querySelector(...).shadowRoot.querySelector(...) is null
JavaScript error: https://static.goqubit.com/smartserve-4538.js, line 10: TypeError: document.querySelector(...).shadowRoot.querySelector(...) is null
JavaScript error: https://static.goqubit.com/smartserve-4538.js, line 10: TypeError: document.querySelector(...).shadowRoot.querySelector(...) is null
JavaScript error: https://static.goqubit.com/smartserve-4538.js, line 10: TypeError: document.querySelector(...).shadowRoot.querySelector(...) is null
JavaScript error: https://static.goqubit.com/smartserve-4538.js, line 10: TypeError: document.querySelector(...).shadowRoot.querySelector(...) is null
JavaScript error: https://static.goqubit.com/smartserve-4538.js, line 10: TypeError: document.querySelector(...).shadowRoot.querySelector(...) is null
JavaScript error: https://static.goqubit.com/smartserve-4538.js, line 10: TypeError: document.querySelector(...).shadowRoot.querySelector(...) is null
JavaScript error: https://static.goqubit.com/smartserve-4538.js, line 10: TypeError: document.querySelector(...).shadowRoot.querySelector(...) is null
JavaScript error: https://static.goqubit.com/smartserve-4538.js, line 10: TypeError: document.querySelector(...).shadowRoot.querySelector(...) is null
JavaScript error: https://static.goqubit.com/smartserve-4538.js, line 10: TypeError: document.querySelector(...).shadowRoot.querySelector(...) is null
JavaScript error: https://static.goqubit.com/smartserve-4538.js, line 10: TypeError: document.querySelector(...).shadowRoot.querySelector(...) is null
JavaScript error: https://static.goqubit.com/smartserve-4538.js, line 10: TypeError: document.querySelector(...).shadowRoot.querySelector(...) is null
JavaScript error: https://static.goqubit.com/smartserve-4538.js, line 10: TypeError: document.querySelector(...).shadowRoot.querySelector(...) is null
JavaScript error: https://static.goqubit.com/smartserve-4538.js, line 10: TypeError: document.querySelector(...).shadowRoot.querySelector(...) is null
JavaScript error: https://static.goqubit.com/smartserve-4538.js, line 10: TypeError: document.querySelector(...).shadowRoot.querySelector(...) is null
JavaScript error: https://static.goqubit.com/smartserve-4538.js, line 10: TypeError: document.querySelector(...).shadowRoot.querySelector(...) is null
JavaScript error: https://static.goqubit.com/smartserve-4538.js, line 10: TypeError: document.querySelector(...).shadowRoot.querySelector(...) is null
JavaScript error: https://static.goqubit.com/smartserve-4538.js, line 10: TypeError: document.querySelector(...).shadowRoot.querySelector(...) is null
JavaScript error: https://static.goqubit.com/smartserve-4538.js, line 10: TypeError: document.querySelector(...).shadowRoot.querySelector(...) is null
JavaScript error: https://static.goqubit.com/smartserve-4538.js, line 10: TypeError: document.querySelector(...).shadowRoot.querySelector(...) is null
JavaScript error: https://static.goqubit.com/smartserve-4538.js, line 10: TypeError: document.querySelector(...).shadowRoot.querySelector(...) is null
JavaScript error: https://static.goqubit.com/smartserve-4538.js, line 10: TypeError: document.querySelector(...).shadowRoot.querySelector(...) is null
JavaScript error: https://static.goqubit.com/smartserve-4538.js, line 10: TypeError: document.querySelector(...).shadowRoot.querySelector(...) is null
JavaScript error: https://static.goqubit.com/smartserve-4538.js, line 10: TypeError: document.querySelector(...).shadowRoot.querySelector(...) is null
JavaScript error: https://static.goqubit.com/smartserve-4538.js, line 10: TypeError: document.querySelector(...).shadowRoot.querySelector(...) is null
JavaScript error: https://static.goqubit.com/smartserve-4538.js, line 10: TypeError: document.querySelector(...).shadowRoot.querySelector(...) is null
JavaScript error: https://static.goqubit.com/smartserve-4538.js, line 10: TypeError: document.querySelector(...).shadowRoot.querySelector(...) is null
JavaScript error: https://static.goqubit.com/smartserve-4538.js, line 10: TypeError: document.querySelector(...).shadowRoot.querySelector(...) is null
JavaScript error: https://static.goqubit.com/smartserve-4538.js, line 10: TypeError: document.querySelector(...).shadowRoot.querySelector(...) is null
JavaScript error: https://static.goqubit.com/smartserve-4538.js, line 10: TypeError: document.querySelector(...).shadowRoot.querySelector(...) is null
JavaScript error: https://static.goqubit.com/smartserve-4538.js, line 10: TypeError: document.querySelector(...).shadowRoot.querySelector(...) is null
JavaScript error: https://static.goqubit.com/smartserve-4538.js, line 10: TypeError: document.querySelector(...).shadowRoot.querySelector(...) is null
JavaScript error: https://static.goqubit.com/smartserve-4538.js, line 10: TypeError: document.querySelector(...).shadowRoot.querySelector(...) is null
JavaScript error: https://static.goqubit.com/smartserve-4538.js, line 10: TypeError: document.querySelector(...).shadowRoot.querySelector(...) is null
JavaScript error: https://static.goqubit.com/smartserve-4538.js, line 10: TypeError: document.querySelector(...).shadowRoot.querySelector(...) is null
JavaScript error: https://static.goqubit.com/smartserve-4538.js, line 10: TypeError: document.querySelector(...).shadowRoot.querySelector(...) is null
JavaScript error: https://static.goqubit.com/smartserve-4538.js, line 10: TypeError: document.querySelector(...).shadowRoot.querySelector(...) is null
JavaScript error: https://static.goqubit.com/smartserve-4538.js, line 10: TypeError: document.querySelector(...).shadowRoot.querySelector(...) is null
JavaScript error: https://static.goqubit.com/smartserve-4538.js, line 10: TypeError: document.querySelector(...).shadowRoot.querySelector(...) is null
JavaScript error: https://static.goqubit.com/smartserve-4538.js, line 10: TypeError: document.querySelector(...).shadowRoot.querySelector(...) is null
JavaScript error: https://static.goqubit.com/smartserve-4538.js, line 10: TypeError: document.querySelector(...).shadowRoot.querySelector(...) is null
JavaScript error: https://static.goqubit.com/smartserve-4538.js, line 10: TypeError: document.querySelector(...).shadowRoot.querySelector(...) is null
JavaScript error: https://static.goqubit.com/smartserve-4538.js, line 10: TypeError: document.querySelector(...).shadowRoot.querySelector(...) is null
JavaScript error: https://static.goqubit.com/smartserve-4538.js, line 10: TypeError: document.querySelector(...).shadowRoot.querySelector(...) is null
JavaScript error: https://static.goqubit.com/smartserve-4538.js, line 10: TypeError: document.querySelector(...).shadowRoot.querySelector(...) is null
JavaScript error: https://static.goqubit.com/smartserve-4538.js, line 10: TypeError: document.querySelector(...).shadowRoot.querySelector(...) is null
JavaScript error: https://static.goqubit.com/smartserve-4538.js, line 10: TypeError: document.querySelector(...).shadowRoot.querySelector(...) is null
JavaScript error: https://static.goqubit.com/smartserve-4538.js, line 10: TypeError: document.querySelector(...).shadowRoot.querySelector(...) is null
JavaScript error: https://static.goqubit.com/smartserve-4538.js, line 10: TypeError: document.querySelector(...).shadowRoot.querySelector(...) is null
JavaScript error: https://static.goqubit.com/smartserve-4538.js, line 10: TypeError: document.querySelector(...).shadowRoot.querySelector(...) is null
JavaScript error: https://static.goqubit.com/smartserve-4538.js, line 10: TypeError: document.querySelector(...).shadowRoot.querySelector(...) is null
JavaScript error: https://static.goqubit.com/smartserve-4538.js, line 10: TypeError: document.querySelector(...).shadowRoot.querySelector(...) is null
JavaScript error: https://static.goqubit.com/smartserve-4538.js, line 10: TypeError: document.querySelector(...).shadowRoot.querySelector(...) is null
JavaScript error: https://static.goqubit.com/smartserve-4538.js, line 10: TypeError: document.querySelector(...).shadowRoot.querySelector(...) is null
JavaScript error: https://static.goqubit.com/smartserve-4538.js, line 10: TypeError: document.querySelector(...).shadowRoot.querySelector(...) is null
JavaScript error: https://static.goqubit.com/smartserve-4538.js, line 10: TypeError: document.querySelector(...).shadowRoot.querySelector(...) is null
JavaScript error: https://static.goqubit.com/smartserve-4538.js, line 10: TypeError: document.querySelector(...).shadowRoot.querySelector(...) is null
JavaScript error: https://static.goqubit.com/smartserve-4538.js, line 10: TypeError: document.querySelector(...).shadowRoot.querySelector(...) is null
JavaScript error: https://static.goqubit.com/smartserve-4538.js, line 10: TypeError: document.querySelector(...).shadowRoot.querySelector(...) is null
JavaScript error: https://static.goqubit.com/smartserve-4538.js, line 10: TypeError: document.querySelector(...).shadowRoot.querySelector(...) is null
JavaScript error: https://static.goqubit.com/smartserve-4538.js, line 10: TypeError: document.querySelector(...).shadowRoot.querySelector(...) is null
JavaScript error: https://static.goqubit.com/smartserve-4538.js, line 10: TypeError: document.querySelector(...).shadowRoot.querySelector(...) is null
JavaScript error: https://static.goqubit.com/smartserve-4538.js, line 10: TypeError: document.querySelector(...).shadowRoot.querySelector(...) is null
JavaScript error: https://static.goqubit.com/smartserve-4538.js, line 10: TypeError: document.querySelector(...).shadowRoot.querySelector(...) is null
JavaScript error: https://static.goqubit.com/smartserve-4538.js, line 10: TypeError: document.querySelector(...).shadowRoot.querySelector(...) is null
JavaScript error: https://static.goqubit.com/smartserve-4538.js, line 10: TypeError: document.querySelector(...).shadowRoot.querySelector(...) is null
JavaScript error: https://static.goqubit.com/smartserve-4538.js, line 10: TypeError: document.querySelector(...).shadowRoot.querySelector(...) is null
JavaScript error: https://static.goqubit.com/smartserve-4538.js, line 10: TypeError: document.querySelector(...).shadowRoot.querySelector(...) is null
JavaScript error: https://static.goqubit.com/smartserve-4538.js, line 10: TypeError: document.querySelector(...).shadowRoot.querySelector(...) is null
JavaScript error: https://static.goqubit.com/smartserve-4538.js, line 10: TypeError: document.querySelector(...).shadowRoot.querySelector(...) is null
JavaScript error: https://static.goqubit.com/smartserve-4538.js, line 10: TypeError: document.querySelector(...).shadowRoot.querySelector(...) is null
JavaScript error: https://static.goqubit.com/smartserve-4538.js, line 10: TypeError: document.querySelector(...).shadowRoot.querySelector(...) is null
JavaScript error: https://static.goqubit.com/smartserve-4538.js, line 10: TypeError: document.querySelector(...).shadowRoot.querySelector(...) is null
JavaScript error: https://static.goqubit.com/smartserve-4538.js, line 10: TypeError: document.querySelector(...).shadowRoot.querySelector(...) is null
JavaScript error: https://static.goqubit.com/smartserve-4538.js, line 10: TypeError: document.querySelector(...).shadowRoot.querySelector(...) is null
JavaScript error: https://static.goqubit.com/smartserve-4538.js, line 10: TypeError: document.querySelector(...).shadowRoot.querySelector(...) is null
JavaScript error: https://static.goqubit.com/smartserve-4538.js, line 10: TypeError: document.querySelector(...).shadowRoot.querySelector(...) is null
1651021617778	Marionette	INFO	Stopped listening on port 57187
1651021620385	Marionette	INFO	Stopped listening on port 57294
1651021623115	Marionette	INFO	Stopped listening on port 57772
1651021625720	Marionette	INFO	Stopped listening on port 57887
1651880703470	mozrunner::runner	INFO	Running command: "/Applications/Firefox.app/Contents/MacOS/firefox-bin" "-marionette" "-foreground" "-no-remote" "-profile" "/var/folders/xc/b0y5b7ks7892mv1j7fybdhzw0000gn/T/rust_mozprofile.BovXL8SSXpwE"
1651880706017	addons.webextension.doh-rollout@mozilla.org	WARN	Loading extension 'doh-rollout@mozilla.org': Reading manifest: Invalid extension permission: networkStatus
1651880706595	addons.webextension.screenshots@mozilla.org	WARN	Loading extension 'screenshots@mozilla.org': Reading manifest: Invalid extension permission: mozillaAddons
1651880706596	addons.webextension.screenshots@mozilla.org	WARN	Loading extension 'screenshots@mozilla.org': Reading manifest: Invalid extension permission: telemetry
1651880706596	addons.webextension.screenshots@mozilla.org	WARN	Loading extension 'screenshots@mozilla.org': Reading manifest: Invalid extension permission: resource://pdf.js/
1651880706596	addons.webextension.screenshots@mozilla.org	WARN	Loading extension 'screenshots@mozilla.org': Reading manifest: Invalid extension permission: about:reader*
1651880712923	Marionette	INFO	Listening on port 60152
1651880713020	Marionette	WARN	TLS certificate errors will be ignored for this session
JavaScript warning: https://conversation.ultainc.com/ccp/webchat.js, line 1125: unreachable code after return statement
JavaScript warning: https://conversation.ultainc.com/ccp/webchat.js, line 1611: unreachable code after return statement
JavaScript error: https://js.afterpay.com/afterpay-1.x.js?_=1651880716512, line 2: Error: Afterpay.js was not loaded
JavaScript error: https://static.goqubit.com/smartserve-4538.js, line 10: TypeError: document.querySelector(...).shadowRoot.querySelector(...) is null
JavaScript error: https://static.goqubit.com/smartserve-4538.js, line 10: TypeError: document.querySelector(...).shadowRoot.querySelector(...) is null
JavaScript error: https://static.goqubit.com/smartserve-4538.js, line 10: TypeError: document.querySelector(...).shadowRoot.querySelector(...) is null
JavaScript error: https://static.goqubit.com/smartserve-4538.js, line 10: TypeError: document.querySelector(...).shadowRoot.querySelector(...) is null
JavaScript error: https://static.goqubit.com/smartserve-4538.js, line 10: TypeError: document.querySelector(...).shadowRoot.querySelector(...) is null
JavaScript error: https://static.goqubit.com/smartserve-4538.js, line 10: TypeError: document.querySelector(...).shadowRoot.querySelector(...) is null
JavaScript error: https://static.goqubit.com/smartserve-4538.js, line 10: TypeError: document.querySelector(...).shadowRoot.querySelector(...) is null
JavaScript error: https://static.goqubit.com/smartserve-4538.js, line 10: TypeError: document.querySelector(...).shadowRoot.querySelector(...) is null
JavaScript error: https://static.goqubit.com/smartserve-4538.js, line 10: TypeError: document.querySelector(...).shadowRoot.querySelector(...) is null
JavaScript error: https://static.goqubit.com/smartserve-4538.js, line 10: TypeError: document.querySelector(...).shadowRoot.querySelector(...) is null
JavaScript error: https://static.goqubit.com/smartserve-4538.js, line 10: TypeError: document.querySelector(...).shadowRoot.querySelector(...) is null
JavaScript error: https://static.goqubit.com/smartserve-4538.js, line 10: TypeError: document.querySelector(...).shadowRoot.querySelector(...) is null
JavaScript error: https://static.goqubit.com/smartserve-4538.js, line 10: TypeError: document.querySelector(...).shadowRoot.querySelector(...) is null
JavaScript error: https://static.goqubit.com/smartserve-4538.js, line 10: TypeError: document.querySelector(...).shadowRoot.querySelector(...) is null
JavaScript error: https://static.goqubit.com/smartserve-4538.js, line 10: TypeError: document.querySelector(...).shadowRoot.querySelector(...) is null
JavaScript error: https://static.goqubit.com/smartserve-4538.js, line 10: TypeError: document.querySelector(...).shadowRoot.querySelector(...) is null
JavaScript error: https://static.goqubit.com/smartserve-4538.js, line 10: TypeError: document.querySelector(...).shadowRoot.querySelector(...) is null
JavaScript error: https://static.goqubit.com/smartserve-4538.js, line 10: TypeError: document.querySelector(...).shadowRoot.querySelector(...) is null
JavaScript error: https://static.goqubit.com/smartserve-4538.js, line 10: TypeError: document.querySelector(...).shadowRoot.querySelector(...) is null
JavaScript error: https://static.goqubit.com/smartserve-4538.js, line 10: TypeError: document.querySelector(...).shadowRoot.querySelector(...) is null
JavaScript error: https://static.goqubit.com/smartserve-4538.js, line 10: TypeError: document.querySelector(...).shadowRoot.querySelector(...) is null
JavaScript error: https://static.goqubit.com/smartserve-4538.js, line 10: TypeError: document.querySelector(...).shadowRoot.querySelector(...) is null
JavaScript error: https://static.goqubit.com/smartserve-4538.js, line 10: TypeError: document.querySelector(...).shadowRoot.querySelector(...) is null
JavaScript error: https://static.goqubit.com/smartserve-4538.js, line 10: TypeError: document.querySelector(...).shadowRoot.querySelector(...) is null
JavaScript error: https://static.goqubit.com/smartserve-4538.js, line 10: TypeError: document.querySelector(...).shadowRoot.querySelector(...) is null
JavaScript error: https://static.goqubit.com/smartserve-4538.js, line 10: TypeError: document.querySelector(...).shadowRoot.querySelector(...) is null
JavaScript error: https://static.goqubit.com/smartserve-4538.js, line 10: TypeError: document.querySelector(...).shadowRoot.querySelector(...) is null
JavaScript error: https://static.goqubit.com/smartserve-4538.js, line 10: TypeError: document.querySelector(...).shadowRoot.querySelector(...) is null
JavaScript error: https://static.goqubit.com/smartserve-4538.js, line 10: TypeError: document.querySelector(...).shadowRoot.querySelector(...) is null
JavaScript error: https://static.goqubit.com/smartserve-4538.js, line 10: TypeError: document.querySelector(...).shadowRoot.querySelector(...) is null
JavaScript error: https://static.goqubit.com/smartserve-4538.js, line 10: TypeError: document.querySelector(...).shadowRoot.querySelector(...) is null
JavaScript error: https://static.goqubit.com/smartserve-4538.js, line 10: TypeError: document.querySelector(...).shadowRoot.querySelector(...) is null
JavaScript error: https://static.goqubit.com/smartserve-4538.js, line 10: TypeError: document.querySelector(...).shadowRoot.querySelector(...) is null
JavaScript error: https://static.goqubit.com/smartserve-4538.js, line 10: TypeError: document.querySelector(...).shadowRoot.querySelector(...) is null
JavaScript error: https://static.goqubit.com/smartserve-4538.js, line 10: TypeError: document.querySelector(...).shadowRoot.querySelector(...) is null
JavaScript error: https://static.goqubit.com/smartserve-4538.js, line 10: TypeError: document.querySelector(...).shadowRoot.querySelector(...) is null
JavaScript error: https://static.goqubit.com/smartserve-4538.js, line 10: TypeError: document.querySelector(...).shadowRoot.querySelector(...) is null
JavaScript error: https://static.goqubit.com/smartserve-4538.js, line 10: TypeError: document.querySelector(...).shadowRoot.querySelector(...) is null
JavaScript error: https://static.goqubit.com/smartserve-4538.js, line 10: TypeError: document.querySelector(...).shadowRoot.querySelector(...) is null
JavaScript error: https://static.goqubit.com/smartserve-4538.js, line 10: TypeError: document.querySelector(...).shadowRoot.querySelector(...) is null
JavaScript error: https://static.goqubit.com/smartserve-4538.js, line 10: TypeError: document.querySelector(...).shadowRoot.querySelector(...) is null
JavaScript error: https://static.goqubit.com/smartserve-4538.js, line 10: TypeError: document.querySelector(...).shadowRoot.querySelector(...) is null
JavaScript error: https://static.goqubit.com/smartserve-4538.js, line 10: TypeError: document.querySelector(...).shadowRoot.querySelector(...) is null
JavaScript error: https://static.goqubit.com/smartserve-4538.js, line 10: TypeError: document.querySelector(...).shadowRoot.querySelector(...) is null
JavaScript error: https://static.goqubit.com/smartserve-4538.js, line 10: TypeError: document.querySelector(...).shadowRoot.querySelector(...) is null
JavaScript error: https://static.goqubit.com/smartserve-4538.js, line 10: TypeError: document.querySelector(...).shadowRoot.querySelector(...) is null
JavaScript error: https://static.goqubit.com/smartserve-4538.js, line 10: TypeError: document.querySelector(...).shadowRoot.querySelector(...) is null
JavaScript error: https://static.goqubit.com/smartserve-4538.js, line 10: TypeError: document.querySelector(...).shadowRoot.querySelector(...) is null
JavaScript error: https://static.goqubit.com/smartserve-4538.js, line 10: TypeError: document.querySelector(...).shadowRoot.querySelector(...) is null
JavaScript error: https://static.goqubit.com/smartserve-4538.js, line 10: TypeError: document.querySelector(...).shadowRoot.querySelector(...) is null
JavaScript error: https://static.goqubit.com/smartserve-4538.js, line 10: TypeError: document.querySelector(...).shadowRoot.querySelector(...) is null
JavaScript error: https://static.goqubit.com/smartserve-4538.js, line 10: TypeError: document.querySelector(...).shadowRoot.querySelector(...) is null
JavaScript error: https://static.goqubit.com/smartserve-4538.js, line 10: TypeError: document.querySelector(...).shadowRoot.querySelector(...) is null
JavaScript error: https://static.goqubit.com/smartserve-4538.js, line 10: TypeError: document.querySelector(...).shadowRoot.querySelector(...) is null
JavaScript error: https://static.goqubit.com/smartserve-4538.js, line 10: TypeError: document.querySelector(...).shadowRoot.querySelector(...) is null
JavaScript error: https://static.goqubit.com/smartserve-4538.js, line 10: TypeError: document.querySelector(...).shadowRoot.querySelector(...) is null
JavaScript error: https://static.goqubit.com/smartserve-4538.js, line 10: TypeError: document.querySelector(...).shadowRoot.querySelector(...) is null
JavaScript error: https://static.goqubit.com/smartserve-4538.js, line 10: TypeError: document.querySelector(...).shadowRoot.querySelector(...) is null
JavaScript error: https://static.goqubit.com/smartserve-4538.js, line 10: TypeError: document.querySelector(...).shadowRoot.querySelector(...) is null
JavaScript error: https://static.goqubit.com/smartserve-4538.js, line 10: TypeError: document.querySelector(...).shadowRoot.querySelector(...) is null
JavaScript error: https://static.goqubit.com/smartserve-4538.js, line 10: TypeError: document.querySelector(...).shadowRoot.querySelector(...) is null
JavaScript error: https://static.goqubit.com/smartserve-4538.js, line 10: TypeError: document.querySelector(...).shadowRoot.querySelector(...) is null
JavaScript error: https://static.goqubit.com/smartserve-4538.js, line 10: TypeError: document.querySelector(...).shadowRoot.querySelector(...) is null
JavaScript error: https://static.goqubit.com/smartserve-4538.js, line 10: TypeError: document.querySelector(...).shadowRoot.querySelector(...) is null
JavaScript error: https://static.goqubit.com/smartserve-4538.js, line 10: TypeError: document.querySelector(...).shadowRoot.querySelector(...) is null
JavaScript error: https://static.goqubit.com/smartserve-4538.js, line 10: TypeError: document.querySelector(...).shadowRoot.querySelector(...) is null
JavaScript error: https://static.goqubit.com/smartserve-4538.js, line 10: TypeError: document.querySelector(...).shadowRoot.querySelector(...) is null
JavaScript error: https://static.goqubit.com/smartserve-4538.js, line 10: TypeError: document.querySelector(...).shadowRoot.querySelector(...) is null
JavaScript error: https://static.goqubit.com/smartserve-4538.js, line 10: TypeError: document.querySelector(...).shadowRoot.querySelector(...) is null
JavaScript error: https://static.goqubit.com/smartserve-4538.js, line 10: TypeError: document.querySelector(...).shadowRoot.querySelector(...) is null
JavaScript error: https://static.goqubit.com/smartserve-4538.js, line 10: TypeError: document.querySelector(...).shadowRoot.querySelector(...) is null
JavaScript error: https://static.goqubit.com/smartserve-4538.js, line 10: TypeError: document.querySelector(...).shadowRoot.querySelector(...) is null
JavaScript error: https://static.goqubit.com/smartserve-4538.js, line 10: TypeError: document.querySelector(...).shadowRoot.querySelector(...) is null
JavaScript error: https://static.goqubit.com/smartserve-4538.js, line 10: TypeError: document.querySelector(...).shadowRoot.querySelector(...) is null
JavaScript error: https://static.goqubit.com/smartserve-4538.js, line 10: TypeError: document.querySelector(...).shadowRoot.querySelector(...) is null
JavaScript error: https://static.goqubit.com/smartserve-4538.js, line 10: TypeError: document.querySelector(...).shadowRoot.querySelector(...) is null
JavaScript error: https://static.goqubit.com/smartserve-4538.js, line 10: TypeError: document.querySelector(...).shadowRoot.querySelector(...) is null
JavaScript error: https://static.goqubit.com/smartserve-4538.js, line 10: TypeError: document.querySelector(...).shadowRoot.querySelector(...) is null
JavaScript error: https://static.goqubit.com/smartserve-4538.js, line 10: TypeError: document.querySelector(...).shadowRoot.querySelector(...) is null
JavaScript error: https://static.goqubit.com/smartserve-4538.js, line 10: TypeError: document.querySelector(...).shadowRoot.querySelector(...) is null
JavaScript error: https://static.goqubit.com/smartserve-4538.js, line 10: TypeError: document.querySelector(...).shadowRoot.querySelector(...) is null
JavaScript error: https://static.goqubit.com/smartserve-4538.js, line 10: TypeError: document.querySelector(...).shadowRoot.querySelector(...) is null
JavaScript error: https://static.goqubit.com/smartserve-4538.js, line 10: TypeError: document.querySelector(...).shadowRoot.querySelector(...) is null
JavaScript error: https://static.goqubit.com/smartserve-4538.js, line 10: TypeError: document.querySelector(...).shadowRoot.querySelector(...) is null
JavaScript error: https://static.goqubit.com/smartserve-4538.js, line 10: TypeError: document.querySelector(...).shadowRoot.querySelector(...) is null
JavaScript error: https://static.goqubit.com/smartserve-4538.js, line 10: TypeError: document.querySelector(...).shadowRoot.querySelector(...) is null
JavaScript error: https://static.goqubit.com/smartserve-4538.js, line 10: TypeError: document.querySelector(...).shadowRoot.querySelector(...) is null
JavaScript error: https://static.goqubit.com/smartserve-4538.js, line 10: TypeError: document.querySelector(...).shadowRoot.querySelector(...) is null
JavaScript error: https://static.goqubit.com/smartserve-4538.js, line 10: TypeError: document.querySelector(...).shadowRoot.querySelector(...) is null
JavaScript error: https://static.goqubit.com/smartserve-4538.js, line 10: TypeError: document.querySelector(...).shadowRoot.querySelector(...) is null
JavaScript error: https://static.goqubit.com/smartserve-4538.js, line 10: TypeError: document.querySelector(...).shadowRoot.querySelector(...) is null
JavaScript error: https://static.goqubit.com/smartserve-4538.js, line 10: TypeError: document.querySelector(...).shadowRoot.querySelector(...) is null
JavaScript error: https://static.goqubit.com/smartserve-4538.js, line 10: TypeError: document.querySelector(...).shadowRoot.querySelector(...) is null
JavaScript error: https://static.goqubit.com/smartserve-4538.js, line 10: TypeError: document.querySelector(...).shadowRoot.querySelector(...) is null
JavaScript error: https://static.goqubit.com/smartserve-4538.js, line 10: TypeError: document.querySelector(...).shadowRoot.querySelector(...) is null
JavaScript error: https://static.goqubit.com/smartserve-4538.js, line 10: TypeError: document.querySelector(...).shadowRoot.querySelector(...) is null
JavaScript error: https://static.goqubit.com/smartserve-4538.js, line 10: TypeError: document.querySelector(...).shadowRoot.querySelector(...) is null
JavaScript error: https://static.goqubit.com/smartserve-4538.js, line 10: TypeError: document.querySelector(...).shadowRoot.querySelector(...) is null
JavaScript error: https://static.goqubit.com/smartserve-4538.js, line 10: TypeError: document.querySelector(...).shadowRoot.querySelector(...) is null
JavaScript error: https://static.goqubit.com/smartserve-4538.js, line 10: TypeError: document.querySelector(...).shadowRoot.querySelector(...) is null
JavaScript error: https://static.goqubit.com/smartserve-4538.js, line 10: TypeError: document.querySelector(...).shadowRoot.querySelector(...) is null
JavaScript error: https://static.goqubit.com/smartserve-4538.js, line 10: TypeError: document.querySelector(...).shadowRoot.querySelector(...) is null
JavaScript error: https://static.goqubit.com/smartserve-4538.js, line 10: TypeError: document.querySelector(...).shadowRoot.querySelector(...) is null
JavaScript error: https://static.goqubit.com/smartserve-4538.js, line 10: TypeError: document.querySelector(...).shadowRoot.querySelector(...) is null
JavaScript error: https://static.goqubit.com/smartserve-4538.js, line 10: TypeError: document.querySelector(...).shadowRoot.querySelector(...) is null
JavaScript error: https://static.goqubit.com/smartserve-4538.js, line 10: TypeError: document.querySelector(...).shadowRoot.querySelector(...) is null
JavaScript error: https://static.goqubit.com/smartserve-4538.js, line 10: TypeError: document.querySelector(...).shadowRoot.querySelector(...) is null
JavaScript error: https://static.goqubit.com/smartserve-4538.js, line 10: TypeError: document.querySelector(...).shadowRoot.querySelector(...) is null
JavaScript error: https://static.goqubit.com/smartserve-4538.js, line 10: TypeError: document.querySelector(...).shadowRoot.querySelector(...) is null
JavaScript error: https://static.goqubit.com/smartserve-4538.js, line 10: TypeError: document.querySelector(...).shadowRoot.querySelector(...) is null
JavaScript error: https://static.goqubit.com/smartserve-4538.js, line 10: TypeError: document.querySelector(...).shadowRoot.querySelector(...) is null
JavaScript error: https://static.goqubit.com/smartserve-4538.js, line 10: TypeError: document.querySelector(...).shadowRoot.querySelector(...) is null
JavaScript error: https://static.goqubit.com/smartserve-4538.js, line 10: TypeError: document.querySelector(...).shadowRoot.querySelector(...) is null
JavaScript error: https://static.goqubit.com/smartserve-4538.js, line 10: TypeError: document.querySelector(...).shadowRoot.querySelector(...) is null
JavaScript error: https://static.goqubit.com/smartserve-4538.js, line 10: TypeError: document.querySelector(...).shadowRoot.querySelector(...) is null
JavaScript error: https://static.goqubit.com/smartserve-4538.js, line 10: TypeError: document.querySelector(...).shadowRoot.querySelector(...) is null
JavaScript error: https://static.goqubit.com/smartserve-4538.js, line 10: TypeError: document.querySelector(...).shadowRoot.querySelector(...) is null
JavaScript error: https://static.goqubit.com/smartserve-4538.js, line 10: TypeError: document.querySelector(...).shadowRoot.querySelector(...) is null
JavaScript error: https://static.goqubit.com/smartserve-4538.js, line 10: TypeError: document.querySelector(...).shadowRoot.querySelector(...) is null
JavaScript error: https://static.goqubit.com/smartserve-4538.js, line 10: TypeError: document.querySelector(...).shadowRoot.querySelector(...) is null
JavaScript error: https://static.goqubit.com/smartserve-4538.js, line 10: TypeError: document.querySelector(...).shadowRoot.querySelector(...) is null
JavaScript error: https://static.goqubit.com/smartserve-4538.js, line 10: TypeError: document.querySelector(...).shadowRoot.querySelector(...) is null
JavaScript error: https://static.goqubit.com/smartserve-4538.js, line 10: TypeError: document.querySelector(...).shadowRoot.querySelector(...) is null
JavaScript error: https://static.goqubit.com/smartserve-4538.js, line 10: TypeError: document.querySelector(...).shadowRoot.querySelector(...) is null
JavaScript error: https://static.goqubit.com/smartserve-4538.js, line 10: TypeError: document.querySelector(...).shadowRoot.querySelector(...) is null
JavaScript error: https://static.goqubit.com/smartserve-4538.js, line 10: TypeError: document.querySelector(...).shadowRoot.querySelector(...) is null
JavaScript error: https://static.goqubit.com/smartserve-4538.js, line 10: TypeError: document.querySelector(...).shadowRoot.querySelector(...) is null
JavaScript error: https://static.goqubit.com/smartserve-4538.js, line 10: TypeError: document.querySelector(...).shadowRoot.querySelector(...) is null
JavaScript error: https://static.goqubit.com/smartserve-4538.js, line 10: TypeError: document.querySelector(...).shadowRoot.querySelector(...) is null
JavaScript error: https://static.goqubit.com/smartserve-4538.js, line 10: TypeError: document.querySelector(...).shadowRoot.querySelector(...) is null
JavaScript error: https://static.goqubit.com/smartserve-4538.js, line 10: TypeError: document.querySelector(...).shadowRoot.querySelector(...) is null
JavaScript error: https://static.goqubit.com/smartserve-4538.js, line 10: TypeError: document.querySelector(...).shadowRoot.querySelector(...) is null
JavaScript error: https://static.goqubit.com/smartserve-4538.js, line 10: TypeError: document.querySelector(...).shadowRoot.querySelector(...) is null
JavaScript error: https://static.goqubit.com/smartserve-4538.js, line 10: TypeError: document.querySelector(...).shadowRoot.querySelector(...) is null
JavaScript error: https://static.goqubit.com/smartserve-4538.js, line 10: TypeError: document.querySelector(...).shadowRoot.querySelector(...) is null
JavaScript error: https://static.goqubit.com/smartserve-4538.js, line 10: TypeError: document.querySelector(...).shadowRoot.querySelector(...) is null
JavaScript error: https://static.goqubit.com/smartserve-4538.js, line 10: TypeError: document.querySelector(...).shadowRoot.querySelector(...) is null
JavaScript error: https://static.goqubit.com/smartserve-4538.js, line 10: TypeError: document.querySelector(...).shadowRoot.querySelector(...) is null
JavaScript error: https://static.goqubit.com/smartserve-4538.js, line 10: TypeError: document.querySelector(...).shadowRoot.querySelector(...) is null
JavaScript error: https://static.goqubit.com/smartserve-4538.js, line 10: TypeError: document.querySelector(...).shadowRoot.querySelector(...) is null
JavaScript error: https://static.goqubit.com/smartserve-4538.js, line 10: TypeError: document.querySelector(...).shadowRoot.querySelector(...) is null
JavaScript error: https://static.goqubit.com/smartserve-4538.js, line 10: TypeError: document.querySelector(...).shadowRoot.querySelector(...) is null
JavaScript error: https://static.goqubit.com/smartserve-4538.js, line 10: TypeError: document.querySelector(...).shadowRoot.querySelector(...) is null
1651882271860	mozrunner::runner	INFO	Running command: "/Applications/Firefox.app/Contents/MacOS/firefox-bin" "-marionette" "-foreground" "-no-remote" "-profile" "/var/folders/xc/b0y5b7ks7892mv1j7fybdhzw0000gn/T/rust_mozprofile.qNy8B7iW5iIU"
1651882273254	addons.webextension.doh-rollout@mozilla.org	WARN	Loading extension 'doh-rollout@mozilla.org': Reading manifest: Invalid extension permission: networkStatus
1651882273717	addons.webextension.screenshots@mozilla.org	WARN	Loading extension 'screenshots@mozilla.org': Reading manifest: Invalid extension permission: mozillaAddons
1651882273717	addons.webextension.screenshots@mozilla.org	WARN	Loading extension 'screenshots@mozilla.org': Reading manifest: Invalid extension permission: telemetry
1651882273717	addons.webextension.screenshots@mozilla.org	WARN	Loading extension 'screenshots@mozilla.org': Reading manifest: Invalid extension permission: resource://pdf.js/
1651882273717	addons.webextension.screenshots@mozilla.org	WARN	Loading extension 'screenshots@mozilla.org': Reading manifest: Invalid extension permission: about:reader*
1651882277946	Marionette	INFO	Listening on port 61342
1651882277997	Marionette	WARN	TLS certificate errors will be ignored for this session
JavaScript warning: https://conversation.ultainc.com/ccp/webchat.js, line 1125: unreachable code after return statement
JavaScript warning: https://conversation.ultainc.com/ccp/webchat.js, line 1611: unreachable code after return statement
1651882292574	mozrunner::runner	INFO	Running command: "/Applications/Firefox.app/Contents/MacOS/firefox-bin" "-marionette" "-foreground" "-no-remote" "-profile" "/var/folders/xc/b0y5b7ks7892mv1j7fybdhzw0000gn/T/rust_mozprofile.7JHqtnoAh8GM"
1651882293956	addons.webextension.doh-rollout@mozilla.org	WARN	Loading extension 'doh-rollout@mozilla.org': Reading manifest: Invalid extension permission: networkStatus
1651882294843	addons.webextension.screenshots@mozilla.org	WARN	Loading extension 'screenshots@mozilla.org': Reading manifest: Invalid extension permission: mozillaAddons
1651882294844	addons.webextension.screenshots@mozilla.org	WARN	Loading extension 'screenshots@mozilla.org': Reading manifest: Invalid extension permission: telemetry
1651882294844	addons.webextension.screenshots@mozilla.org	WARN	Loading extension 'screenshots@mozilla.org': Reading manifest: Invalid extension permission: resource://pdf.js/
1651882294844	addons.webextension.screenshots@mozilla.org	WARN	Loading extension 'screenshots@mozilla.org': Reading manifest: Invalid extension permission: about:reader*
1651882299140	Marionette	INFO	Listening on port 61724
1651882299177	Marionette	WARN	TLS certificate errors will be ignored for this session
JavaScript warning: https://conversation.ultainc.com/ccp/webchat.js, line 1125: unreachable code after return statement
JavaScript warning: https://conversation.ultainc.com/ccp/webchat.js, line 1611: unreachable code after return statement
1651882365298	Marionette	INFO	Stopped listening on port 60152
1651882368504	Marionette	INFO	Stopped listening on port 61342
1651882371179	Marionette	INFO	Stopped listening on port 61724
1651882425331	mozrunner::runner	INFO	Running command: "/Applications/Firefox.app/Contents/MacOS/firefox-bin" "-marionette" "-foreground" "-no-remote" "-profile" "/var/folders/xc/b0y5b7ks7892mv1j7fybdhzw0000gn/T/rust_mozprofile.ldCljz56w3Kq"
1651882426014	addons.webextension.doh-rollout@mozilla.org	WARN	Loading extension 'doh-rollout@mozilla.org': Reading manifest: Invalid extension permission: networkStatus
1651882426476	addons.webextension.screenshots@mozilla.org	WARN	Loading extension 'screenshots@mozilla.org': Reading manifest: Invalid extension permission: mozillaAddons
1651882426476	addons.webextension.screenshots@mozilla.org	WARN	Loading extension 'screenshots@mozilla.org': Reading manifest: Invalid extension permission: telemetry
1651882426477	addons.webextension.screenshots@mozilla.org	WARN	Loading extension 'screenshots@mozilla.org': Reading manifest: Invalid extension permission: resource://pdf.js/
1651882426477	addons.webextension.screenshots@mozilla.org	WARN	Loading extension 'screenshots@mozilla.org': Reading manifest: Invalid extension permission: about:reader*
1651882429348	Marionette	INFO	Listening on port 62218
1651882429429	Marionette	WARN	TLS certificate errors will be ignored for this session
JavaScript warning: https://conversation.ultainc.com/ccp/webchat.js, line 1125: unreachable code after return statement
JavaScript warning: https://conversation.ultainc.com/ccp/webchat.js, line 1611: unreachable code after return statement
1651883101473	mozrunner::runner	INFO	Running command: "/Applications/Firefox.app/Contents/MacOS/firefox-bin" "-marionette" "-foreground" "-no-remote" "-profile" "/var/folders/xc/b0y5b7ks7892mv1j7fybdhzw0000gn/T/rust_mozprofile.Y4A1qg9x5cRh"
1651883102858	addons.webextension.doh-rollout@mozilla.org	WARN	Loading extension 'doh-rollout@mozilla.org': Reading manifest: Invalid extension permission: networkStatus
1651883103389	addons.webextension.screenshots@mozilla.org	WARN	Loading extension 'screenshots@mozilla.org': Reading manifest: Invalid extension permission: mozillaAddons
1651883103389	addons.webextension.screenshots@mozilla.org	WARN	Loading extension 'screenshots@mozilla.org': Reading manifest: Invalid extension permission: telemetry
1651883103389	addons.webextension.screenshots@mozilla.org	WARN	Loading extension 'screenshots@mozilla.org': Reading manifest: Invalid extension permission: resource://pdf.js/
1651883103389	addons.webextension.screenshots@mozilla.org	WARN	Loading extension 'screenshots@mozilla.org': Reading manifest: Invalid extension permission: about:reader*
1651883107529	Marionette	INFO	Listening on port 64757
1651883107668	Marionette	WARN	TLS certificate errors will be ignored for this session
JavaScript warning: https://conversation.ultainc.com/ccp/webchat.js, line 1125: unreachable code after return statement
JavaScript warning: https://conversation.ultainc.com/ccp/webchat.js, line 1611: unreachable code after return statement
JavaScript warning: https://conversation.ultainc.com/ccp/webchat.js, line 1125: unreachable code after return statement
1651883153631	Marionette	WARN	TimedPromise timed out after 500 ms: stacktrace:
TimedPromise/<@chrome://marionette/content/sync.js:245:13
TimedPromise@chrome://marionette/content/sync.js:230:10
interaction.flushEventLoop@chrome://marionette/content/interaction.js:416:10
webdriverClickElement@chrome://marionette/content/interaction.js:182:31
1651883158788	Marionette	WARN	TimedPromise timed out after 500 ms: stacktrace:
TimedPromise/<@chrome://marionette/content/sync.js:245:13
TimedPromise@chrome://marionette/content/sync.js:230:10
interaction.flushEventLoop@chrome://marionette/content/interaction.js:416:10
webdriverClickElement@chrome://marionette/content/interaction.js:182:31
1651883163313	Marionette	WARN	TimedPromise timed out after 500 ms: stacktrace:
TimedPromise/<@chrome://marionette/content/sync.js:245:13
TimedPromise@chrome://marionette/content/sync.js:230:10
interaction.flushEventLoop@chrome://marionette/content/interaction.js:416:10
webdriverClickElement@chrome://marionette/content/interaction.js:182:31
1651883167388	Marionette	WARN	TimedPromise timed out after 500 ms: stacktrace:
TimedPromise/<@chrome://marionette/content/sync.js:245:13
TimedPromise@chrome://marionette/content/sync.js:230:10
interaction.flushEventLoop@chrome://marionette/content/interaction.js:416:10
webdriverClickElement@chrome://marionette/content/interaction.js:182:31
1651883172683	Marionette	WARN	TimedPromise timed out after 500 ms: stacktrace:
TimedPromise/<@chrome://marionette/content/sync.js:245:13
TimedPromise@chrome://marionette/content/sync.js:230:10
interaction.flushEventLoop@chrome://marionette/content/interaction.js:416:10
webdriverClickElement@chrome://marionette/content/interaction.js:182:31
1651883178206	Marionette	WARN	TimedPromise timed out after 500 ms: stacktrace:
TimedPromise/<@chrome://marionette/content/sync.js:245:13
TimedPromise@chrome://marionette/content/sync.js:230:10
interaction.flushEventLoop@chrome://marionette/content/interaction.js:416:10
webdriverClickElement@chrome://marionette/content/interaction.js:182:31
Exiting due to channel error.
Exiting due to channel error.
Exiting due to channel error.
Exiting due to channel error.
Exiting due to channel error.
1651883546315	mozrunner::runner	INFO	Running command: "/Applications/Firefox.app/Contents/MacOS/firefox-bin" "-marionette" "-foreground" "-no-remote" "-profile" "/var/folders/xc/b0y5b7ks7892mv1j7fybdhzw0000gn/T/rust_mozprofile.9XbBMVl9lWBC"
1651883548508	addons.webextension.doh-rollout@mozilla.org	WARN	Loading extension 'doh-rollout@mozilla.org': Reading manifest: Invalid extension permission: networkStatus
1651883549201	addons.webextension.screenshots@mozilla.org	WARN	Loading extension 'screenshots@mozilla.org': Reading manifest: Invalid extension permission: mozillaAddons
1651883549202	addons.webextension.screenshots@mozilla.org	WARN	Loading extension 'screenshots@mozilla.org': Reading manifest: Invalid extension permission: telemetry
1651883549202	addons.webextension.screenshots@mozilla.org	WARN	Loading extension 'screenshots@mozilla.org': Reading manifest: Invalid extension permission: resource://pdf.js/
1651883549202	addons.webextension.screenshots@mozilla.org	WARN	Loading extension 'screenshots@mozilla.org': Reading manifest: Invalid extension permission: about:reader*
1651883554175	Marionette	INFO	Listening on port 49420
1651883554202	Marionette	WARN	TLS certificate errors will be ignored for this session
JavaScript warning: https://conversation.ultainc.com/ccp/webchat.js, line 1125: unreachable code after return statement
JavaScript warning: https://conversation.ultainc.com/ccp/webchat.js, line 1611: unreachable code after return statement
JavaScript error: https://www.ulta.com/ruxitagentjs_ICA27Vfghjqrux_10237220328075400.js, line 30: NS_ERROR_NOT_INITIALIZED: 
IPDL protocol error: Handler returned error code!

###!!! [Parent][DispatchAsyncMessage] Error: PLayerTransaction::Msg_ReleaseLayer Processing error: message was deserialized, but the handler returned false (indicating failure)

IPDL protocol error: Handler returned error code!

###!!! [Parent][DispatchAsyncMessage] Error: PLayerTransaction::Msg_ReleaseLayer Processing error: message was deserialized, but the handler returned false (indicating failure)

JavaScript error: https://www.ulta.com/ruxitagentjs_ICA27Vfghjqrux_10237220328075400.js, line 30: NS_ERROR_NOT_INITIALIZED: 
JavaScript error: https://www.ulta.com/ruxitagentjs_ICA27Vfghjqrux_10237220328075400.js, line 30: NS_ERROR_NOT_INITIALIZED: 
JavaScript error: https://www.ulta.com/ruxitagentjs_ICA27Vfghjqrux_10237220328075400.js, line 30: NS_ERROR_NOT_INITIALIZED: 
JavaScript error: https://www.ulta.com/ruxitagentjs_ICA27Vfghjqrux_10237220328075400.js, line 30: NS_ERROR_NOT_INITIALIZED: 
1651883919177	mozrunner::runner	INFO	Running command: "/Applications/Firefox.app/Contents/MacOS/firefox-bin" "-marionette" "-foreground" "-no-remote" "-profile" "/var/folders/xc/b0y5b7ks7892mv1j7fybdhzw0000gn/T/rust_mozprofile.QCP18xJ97zjd"
1651883920170	addons.webextension.doh-rollout@mozilla.org	WARN	Loading extension 'doh-rollout@mozilla.org': Reading manifest: Invalid extension permission: networkStatus
1651883920656	addons.webextension.screenshots@mozilla.org	WARN	Loading extension 'screenshots@mozilla.org': Reading manifest: Invalid extension permission: mozillaAddons
1651883920656	addons.webextension.screenshots@mozilla.org	WARN	Loading extension 'screenshots@mozilla.org': Reading manifest: Invalid extension permission: telemetry
1651883920656	addons.webextension.screenshots@mozilla.org	WARN	Loading extension 'screenshots@mozilla.org': Reading manifest: Invalid extension permission: resource://pdf.js/
1651883920656	addons.webextension.screenshots@mozilla.org	WARN	Loading extension 'screenshots@mozilla.org': Reading manifest: Invalid extension permission: about:reader*
1651883923681	Marionette	INFO	Listening on port 49905
1651883923697	Marionette	WARN	TLS certificate errors will be ignored for this session
JavaScript warning: https://conversation.ultainc.com/ccp/webchat.js, line 1125: unreachable code after return statement
JavaScript warning: https://conversation.ultainc.com/ccp/webchat.js, line 1611: unreachable code after return statement
1651883964468	Marionette	WARN	TimedPromise timed out after 500 ms: stacktrace:
TimedPromise/<@chrome://marionette/content/sync.js:245:13
TimedPromise@chrome://marionette/content/sync.js:230:10
interaction.flushEventLoop@chrome://marionette/content/interaction.js:416:10
webdriverClickElement@chrome://marionette/content/interaction.js:182:31
1651883988679	Marionette	WARN	TimedPromise timed out after 500 ms: stacktrace:
TimedPromise/<@chrome://marionette/content/sync.js:245:13
TimedPromise@chrome://marionette/content/sync.js:230:10
interaction.flushEventLoop@chrome://marionette/content/interaction.js:416:10
webdriverClickElement@chrome://marionette/content/interaction.js:182:31
1651883992982	Marionette	WARN	TimedPromise timed out after 500 ms: stacktrace:
TimedPromise/<@chrome://marionette/content/sync.js:245:13
TimedPromise@chrome://marionette/content/sync.js:230:10
interaction.flushEventLoop@chrome://marionette/content/interaction.js:416:10
webdriverClickElement@chrome://marionette/content/interaction.js:182:31
Exiting due to channel error.
Exiting due to channel error.
[GFX1-]: Receive IPC close with reason=AbnormalShutdown
Exiting due to channel error.
[GFX1-]: Receive IPC close with reason=AbnormalShutdown
Exiting due to channel error.
[GFX1-]: Receive IPC close with reason=AbnormalShutdown
Exiting due to channel error.
1651885053353	mozrunner::runner	INFO	Running command: "/Applications/Firefox.app/Contents/MacOS/firefox-bin" "-marionette" "-foreground" "-no-remote" "-profile" "/var/folders/xc/b0y5b7ks7892mv1j7fybdhzw0000gn/T/rust_mozprofile.RrQMqpGvcHXb"
1651885055632	addons.webextension.doh-rollout@mozilla.org	WARN	Loading extension 'doh-rollout@mozilla.org': Reading manifest: Invalid extension permission: networkStatus
1651885056289	addons.webextension.screenshots@mozilla.org	WARN	Loading extension 'screenshots@mozilla.org': Reading manifest: Invalid extension permission: mozillaAddons
1651885056289	addons.webextension.screenshots@mozilla.org	WARN	Loading extension 'screenshots@mozilla.org': Reading manifest: Invalid extension permission: telemetry
1651885056290	addons.webextension.screenshots@mozilla.org	WARN	Loading extension 'screenshots@mozilla.org': Reading manifest: Invalid extension permission: resource://pdf.js/
1651885056290	addons.webextension.screenshots@mozilla.org	WARN	Loading extension 'screenshots@mozilla.org': Reading manifest: Invalid extension permission: about:reader*
1651885063117	Marionette	INFO	Listening on port 54118
1651885063241	Marionette	WARN	TLS certificate errors will be ignored for this session
JavaScript warning: https://conversation.ultainc.com/ccp/webchat.js, line 1125: unreachable code after return statement
JavaScript warning: https://conversation.ultainc.com/ccp/webchat.js, line 1611: unreachable code after return statement
JavaScript warning: https://conversation.ultainc.com/ccp/webchat.js, line 1125: unreachable code after return statement
1651885458950	Marionette	WARN	TimedPromise timed out after 500 ms: stacktrace:
TimedPromise/<@chrome://marionette/content/sync.js:245:13
TimedPromise@chrome://marionette/content/sync.js:230:10
interaction.flushEventLoop@chrome://marionette/content/interaction.js:416:10
webdriverClickElement@chrome://marionette/content/interaction.js:182:31
1651885607779	Marionette	WARN	TimedPromise timed out after 500 ms: stacktrace:
TimedPromise/<@chrome://marionette/content/sync.js:245:13
TimedPromise@chrome://marionette/content/sync.js:230:10
interaction.flushEventLoop@chrome://marionette/content/interaction.js:416:10
webdriverClickElement@chrome://marionette/content/interaction.js:182:31
1651885892650	Marionette	WARN	TimedPromise timed out after 500 ms: stacktrace:
TimedPromise/<@chrome://marionette/content/sync.js:245:13
TimedPromise@chrome://marionette/content/sync.js:230:10
interaction.flushEventLoop@chrome://marionette/content/interaction.js:416:10
webdriverClickElement@chrome://marionette/content/interaction.js:182:31
1651886028546	Marionette	WARN	TimedPromise timed out after 500 ms: stacktrace:
TimedPromise/<@chrome://marionette/content/sync.js:245:13
TimedPromise@chrome://marionette/content/sync.js:230:10
interaction.flushEventLoop@chrome://marionette/content/interaction.js:416:10
webdriverClickElement@chrome://marionette/content/interaction.js:182:31
1651886100649	Marionette	WARN	TimedPromise timed out after 500 ms: stacktrace:
TimedPromise/<@chrome://marionette/content/sync.js:245:13
TimedPromise@chrome://marionette/content/sync.js:230:10
interaction.flushEventLoop@chrome://marionette/content/interaction.js:416:10
webdriverClickElement@chrome://marionette/content/interaction.js:182:31
1651886223104	Marionette	WARN	TimedPromise timed out after 500 ms: stacktrace:
TimedPromise/<@chrome://marionette/content/sync.js:245:13
TimedPromise@chrome://marionette/content/sync.js:230:10
interaction.flushEventLoop@chrome://marionette/content/interaction.js:416:10
webdriverClickElement@chrome://marionette/content/interaction.js:182:31
Exiting due to channel error.
Exiting due to channel error.
Exiting due to channel error.
